Traceback (most recent call last):
  File "main.py", line 268, in <module>
  File "main.py", line 262, in main
  File "main.py", line 55, in __init__
  File "C:\Users\oht\Desktop\API-Test2-master\check_code.py", line 58, in __init__
    with open('./test_lines/00_Complete_Test.json') as codeLines_data:
FileNotFoundError: [Errno 2] No such file or directory: './test_lines/00_Complete_Test.json'
C:\Users\oht\Desktop\API-Test2-master\dist\library.zip\requests\packages\urllib3\connectionpool.py:791: InsecureRequestWarning: Unverified HTTPS request is being made. Adding certificate verification is strongly advised. See: https://urllib3.readthedocs.org/en/latest/security.html
C:\Users\oht\Desktop\API-Test2-master\dist\library.zip\requests\packages\urllib3\connectionpool.py:791: InsecureRequestWarning: Unverified HTTPS request is being made. Adding certificate verification is strongly advised. See: https://urllib3.readthedocs.org/en/latest/security.html
C:\Users\oht\Desktop\API-Test2-master\dist\library.zip\requests\packages\urllib3\connectionpool.py:791: InsecureRequestWarning: Unverified HTTPS request is being made. Adding certificate verification is strongly advised. See: https://urllib3.readthedocs.org/en/latest/security.html
C:\Users\oht\Desktop\API-Test2-master\dist\library.zip\requests\packages\urllib3\connectionpool.py:791: InsecureRequestWarning: Unverified HTTPS request is being made. Adding certificate verification is strongly advised. See: https://urllib3.readthedocs.org/en/latest/security.html
C:\Users\oht\Desktop\API-Test2-master\dist\library.zip\requests\packages\urllib3\connectionpool.py:791: InsecureRequestWarning: Unverified HTTPS request is being made. Adding certificate verification is strongly advised. See: https://urllib3.readthedocs.org/en/latest/security.html
C:\Users\oht\Desktop\API-Test2-master\dist\library.zip\requests\packages\urllib3\connectionpool.py:791: InsecureRequestWarning: Unverified HTTPS request is being made. Adding certificate verification is strongly advised. See: https://urllib3.readthedocs.org/en/latest/security.html
C:\Users\oht\Desktop\API-Test2-master\dist\library.zip\requests\packages\urllib3\connectionpool.py:791: InsecureRequestWarning: Unverified HTTPS request is being made. Adding certificate verification is strongly advised. See: https://urllib3.readthedocs.org/en/latest/security.html
C:\Users\oht\Desktop\API-Test2-master\dist\library.zip\requests\packages\urllib3\connectionpool.py:791: InsecureRequestWarning: Unverified HTTPS request is being made. Adding certificate verification is strongly advised. See: https://urllib3.readthedocs.org/en/latest/security.html
C:\Users\oht\Desktop\API-Test2-master\dist\library.zip\requests\packages\urllib3\connectionpool.py:791: InsecureRequestWarning: Unverified HTTPS request is being made. Adding certificate verification is strongly advised. See: https://urllib3.readthedocs.org/en/latest/security.html
C:\Users\oht\Desktop\API-Test2-master\dist\library.zip\requests\packages\urllib3\connectionpool.py:791: InsecureRequestWarning: Unverified HTTPS request is being made. Adding certificate verification is strongly advised. See: https://urllib3.readthedocs.org/en/latest/security.html
C:\Users\oht\Desktop\API-Test2-master\dist\library.zip\requests\packages\urllib3\connectionpool.py:791: InsecureRequestWarning: Unverified HTTPS request is being made. Adding certificate verification is strongly advised. See: https://urllib3.readthedocs.org/en/latest/security.html
C:\Users\oht\Desktop\API-Test2-master\dist\library.zip\requests\packages\urllib3\connectionpool.py:791: InsecureRequestWarning: Unverified HTTPS request is being made. Adding certificate verification is strongly advised. See: https://urllib3.readthedocs.org/en/latest/security.html
C:\Users\oht\Desktop\API-Test2-master\dist\library.zip\requests\packages\urllib3\connectionpool.py:791: InsecureRequestWarning: Unverified HTTPS request is being made. Adding certificate verification is strongly advised. See: https://urllib3.readthedocs.org/en/latest/security.html
C:\Users\oht\Desktop\API-Test2-master\dist\library.zip\requests\packages\urllib3\connectionpool.py:791: InsecureRequestWarning: Unverified HTTPS request is being made. Adding certificate verification is strongly advised. See: https://urllib3.readthedocs.org/en/latest/security.html
C:\Users\oht\Desktop\API-Test2-master\dist\library.zip\requests\packages\urllib3\connectionpool.py:791: InsecureRequestWarning: Unverified HTTPS request is being made. Adding certificate verification is strongly advised. See: https://urllib3.readthedocs.org/en/latest/security.html
C:\Users\oht\Desktop\API-Test2-master\dist\library.zip\requests\packages\urllib3\connectionpool.py:791: InsecureRequestWarning: Unverified HTTPS request is being made. Adding certificate verification is strongly advised. See: https://urllib3.readthedocs.org/en/latest/security.html
C:\Users\oht\Desktop\API-Test2-master\dist\library.zip\requests\packages\urllib3\connectionpool.py:791: InsecureRequestWarning: Unverified HTTPS request is being made. Adding certificate verification is strongly advised. See: https://urllib3.readthedocs.org/en/latest/security.html
C:\Users\oht\Desktop\API-Test2-master\dist\library.zip\requests\packages\urllib3\connectionpool.py:791: InsecureRequestWarning: Unverified HTTPS request is being made. Adding certificate verification is strongly advised. See: https://urllib3.readthedocs.org/en/latest/security.html
C:\Users\oht\Desktop\API-Test2-master\dist\library.zip\requests\packages\urllib3\connectionpool.py:791: InsecureRequestWarning: Unverified HTTPS request is being made. Adding certificate verification is strongly advised. See: https://urllib3.readthedocs.org/en/latest/security.html
C:\Users\oht\Desktop\API-Test2-master\dist\library.zip\requests\packages\urllib3\connectionpool.py:791: InsecureRequestWarning: Unverified HTTPS request is being made. Adding certificate verification is strongly advised. See: https://urllib3.readthedocs.org/en/latest/security.html
C:\Users\oht\Desktop\API-Test2-master\dist\library.zip\requests\packages\urllib3\connectionpool.py:791: InsecureRequestWarning: Unverified HTTPS request is being made. Adding certificate verification is strongly advised. See: https://urllib3.readthedocs.org/en/latest/security.html
C:\Users\oht\Desktop\API-Test2-master\dist\library.zip\requests\packages\urllib3\connectionpool.py:791: InsecureRequestWarning: Unverified HTTPS request is being made. Adding certificate verification is strongly advised. See: https://urllib3.readthedocs.org/en/latest/security.html
C:\Users\oht\Desktop\API-Test2-master\dist\library.zip\requests\packages\urllib3\connectionpool.py:791: InsecureRequestWarning: Unverified HTTPS request is being made. Adding certificate verification is strongly advised. See: https://urllib3.readthedocs.org/en/latest/security.html
C:\Users\oht\Desktop\API-Test2-master\dist\library.zip\requests\packages\urllib3\connectionpool.py:791: InsecureRequestWarning: Unverified HTTPS request is being made. Adding certificate verification is strongly advised. See: https://urllib3.readthedocs.org/en/latest/security.html
C:\Users\oht\Desktop\API-Test2-master\dist\library.zip\requests\packages\urllib3\connectionpool.py:791: InsecureRequestWarning: Unverified HTTPS request is being made. Adding certificate verification is strongly advised. See: https://urllib3.readthedocs.org/en/latest/security.html
C:\Users\oht\Desktop\API-Test2-master\dist\library.zip\requests\packages\urllib3\connectionpool.py:791: InsecureRequestWarning: Unverified HTTPS request is being made. Adding certificate verification is strongly advised. See: https://urllib3.readthedocs.org/en/latest/security.html
C:\Users\oht\Desktop\API-Test2-master\dist\library.zip\requests\packages\urllib3\connectionpool.py:791: InsecureRequestWarning: Unverified HTTPS request is being made. Adding certificate verification is strongly advised. See: https://urllib3.readthedocs.org/en/latest/security.html
C:\Users\oht\Desktop\API-Test2-master\dist\library.zip\requests\packages\urllib3\connectionpool.py:791: InsecureRequestWarning: Unverified HTTPS request is being made. Adding certificate verification is strongly advised. See: https://urllib3.readthedocs.org/en/latest/security.html
C:\Users\oht\Desktop\API-Test2-master\dist\library.zip\requests\packages\urllib3\connectionpool.py:791: InsecureRequestWarning: Unverified HTTPS request is being made. Adding certificate verification is strongly advised. See: https://urllib3.readthedocs.org/en/latest/security.html
C:\Users\oht\Desktop\API-Test2-master\dist\library.zip\requests\packages\urllib3\connectionpool.py:791: InsecureRequestWarning: Unverified HTTPS request is being made. Adding certificate verification is strongly advised. See: https://urllib3.readthedocs.org/en/latest/security.html
C:\Users\oht\Desktop\API-Test2-master\dist\library.zip\requests\packages\urllib3\connectionpool.py:791: InsecureRequestWarning: Unverified HTTPS request is being made. Adding certificate verification is strongly advised. See: https://urllib3.readthedocs.org/en/latest/security.html
C:\Users\oht\Desktop\API-Test2-master\dist\library.zip\requests\packages\urllib3\connectionpool.py:791: InsecureRequestWarning: Unverified HTTPS request is being made. Adding certificate verification is strongly advised. See: https://urllib3.readthedocs.org/en/latest/security.html
C:\Users\oht\Desktop\API-Test2-master\dist\library.zip\requests\packages\urllib3\connectionpool.py:791: InsecureRequestWarning: Unverified HTTPS request is being made. Adding certificate verification is strongly advised. See: https://urllib3.readthedocs.org/en/latest/security.html
C:\Users\oht\Desktop\API-Test2-master\dist\library.zip\requests\packages\urllib3\connectionpool.py:791: InsecureRequestWarning: Unverified HTTPS request is being made. Adding certificate verification is strongly advised. See: https://urllib3.readthedocs.org/en/latest/security.html
C:\Users\oht\Desktop\API-Test2-master\dist\library.zip\requests\packages\urllib3\connectionpool.py:791: InsecureRequestWarning: Unverified HTTPS request is being made. Adding certificate verification is strongly advised. See: https://urllib3.readthedocs.org/en/latest/security.html
C:\Users\oht\Desktop\API-Test2-master\dist\library.zip\requests\packages\urllib3\connectionpool.py:791: InsecureRequestWarning: Unverified HTTPS request is being made. Adding certificate verification is strongly advised. See: https://urllib3.readthedocs.org/en/latest/security.html
C:\Users\oht\Desktop\API-Test2-master\dist\library.zip\requests\packages\urllib3\connectionpool.py:791: InsecureRequestWarning: Unverified HTTPS request is being made. Adding certificate verification is strongly advised. See: https://urllib3.readthedocs.org/en/latest/security.html
C:\Users\oht\Desktop\API-Test2-master\dist\library.zip\requests\packages\urllib3\connectionpool.py:791: InsecureRequestWarning: Unverified HTTPS request is being made. Adding certificate verification is strongly advised. See: https://urllib3.readthedocs.org/en/latest/security.html
C:\Users\oht\Desktop\API-Test2-master\dist\library.zip\requests\packages\urllib3\connectionpool.py:791: InsecureRequestWarning: Unverified HTTPS request is being made. Adding certificate verification is strongly advised. See: https://urllib3.readthedocs.org/en/latest/security.html
C:\Users\oht\Desktop\API-Test2-master\dist\library.zip\requests\packages\urllib3\connectionpool.py:791: InsecureRequestWarning: Unverified HTTPS request is being made. Adding certificate verification is strongly advised. See: https://urllib3.readthedocs.org/en/latest/security.html
C:\Users\oht\Desktop\API-Test2-master\dist\library.zip\requests\packages\urllib3\connectionpool.py:791: InsecureRequestWarning: Unverified HTTPS request is being made. Adding certificate verification is strongly advised. See: https://urllib3.readthedocs.org/en/latest/security.html
C:\Users\oht\Desktop\API-Test2-master\dist\library.zip\requests\packages\urllib3\connectionpool.py:791: InsecureRequestWarning: Unverified HTTPS request is being made. Adding certificate verification is strongly advised. See: https://urllib3.readthedocs.org/en/latest/security.html
C:\Users\oht\Desktop\API-Test2-master\dist\library.zip\requests\packages\urllib3\connectionpool.py:791: InsecureRequestWarning: Unverified HTTPS request is being made. Adding certificate verification is strongly advised. See: https://urllib3.readthedocs.org/en/latest/security.html
C:\Users\oht\Desktop\API-Test2-master\dist\library.zip\requests\packages\urllib3\connectionpool.py:791: InsecureRequestWarning: Unverified HTTPS request is being made. Adding certificate verification is strongly advised. See: https://urllib3.readthedocs.org/en/latest/security.html
C:\Users\oht\Desktop\API-Test2-master\dist\library.zip\requests\packages\urllib3\connectionpool.py:791: InsecureRequestWarning: Unverified HTTPS request is being made. Adding certificate verification is strongly advised. See: https://urllib3.readthedocs.org/en/latest/security.html
C:\Users\oht\Desktop\API-Test2-master\dist\library.zip\requests\packages\urllib3\connectionpool.py:791: InsecureRequestWarning: Unverified HTTPS request is being made. Adding certificate verification is strongly advised. See: https://urllib3.readthedocs.org/en/latest/security.html
C:\Users\oht\Desktop\API-Test2-master\dist\library.zip\requests\packages\urllib3\connectionpool.py:791: InsecureRequestWarning: Unverified HTTPS request is being made. Adding certificate verification is strongly advised. See: https://urllib3.readthedocs.org/en/latest/security.html
C:\Users\oht\Desktop\API-Test2-master\dist\library.zip\requests\packages\urllib3\connectionpool.py:791: InsecureRequestWarning: Unverified HTTPS request is being made. Adding certificate verification is strongly advised. See: https://urllib3.readthedocs.org/en/latest/security.html
C:\Users\oht\Desktop\API-Test2-master\dist\library.zip\requests\packages\urllib3\connectionpool.py:791: InsecureRequestWarning: Unverified HTTPS request is being made. Adding certificate verification is strongly advised. See: https://urllib3.readthedocs.org/en/latest/security.html
C:\Users\oht\Desktop\API-Test2-master\dist\library.zip\requests\packages\urllib3\connectionpool.py:791: InsecureRequestWarning: Unverified HTTPS request is being made. Adding certificate verification is strongly advised. See: https://urllib3.readthedocs.org/en/latest/security.html
Traceback (most recent call last):
  File "main.py", line 132, in start_test
  File "C:\Users\oht\Desktop\API-Test2-master\class_test.py", line 423, in get_method
    res = Response(requests.get(httpAddress + self.testLine["address"], params=payload, verify=False), True)
  File "C:\Users\oht\Desktop\API-Test2-master\class_test.py", line 36, in __init__
    self.responseJson = self.r.json()
  File "C:\Python34\lib\site-packages\requests\models.py", line 808, in json
    return complexjson.loads(self.text, **kwargs)
  File "C:\Python34\lib\json\__init__.py", line 318, in loads
    return _default_decoder.decode(s)
  File "C:\Python34\lib\json\decoder.py", line 343, in decode
    obj, end = self.raw_decode(s, idx=_w(s, 0).end())
  File "C:\Python34\lib\json\decoder.py", line 361, in raw_decode
    raise ValueError(errmsg("Expecting value", s, err.value)) from None
ValueError: Expecting value: line 4 column 1 (char 3)
